[ 2019-12-01T17:39:53+08:00 ] 101.206.170.107 /lazy/index.php/home/xlogin/sess
INFO: [ app_init ] --START--
INFO: Run Behavior\BuildLiteBehavior [ RunTime:0.000013s ]
INFO: [ app_init ] --END-- [ RunTime:0.000251s ]
INFO: [ app_begin ] --START--
INFO: Run Behavior\ReadHtmlCacheBehavior [ RunTime:0.000350s ]
INFO: [ app_begin ] --END-- [ RunTime:0.000391s ]
INFO: [ app_end ] --START--
INFO: Run Behavior\ShowPageTraceBehavior [ RunTime:0.000376s ]
INFO: [ app_end ] --END-- [ RunTime:0.000418s ]

[ 2019-12-01T17:39:54+08:00 ] 101.206.170.107 /lazy/index.php/home/xlogin/get_user_object?code=011GSwji2zSa8B0ZSRki271zji2GSwjT
INFO: [ app_init ] --START--
INFO: Run Behavior\BuildLiteBehavior [ RunTime:0.000017s ]
INFO: [ app_init ] --END-- [ RunTime:0.000312s ]
INFO: [ app_begin ] --START--
INFO: Run Behavior\ReadHtmlCacheBehavior [ RunTime:0.000370s ]
INFO: [ app_begin ] --END-- [ RunTime:0.000453s ]
NOTIC: [2] curl_error(): 25 is not a valid cURL handle resource /alidata/www/doudian/api/lazy/app/Home/Model/curlModel.class.php 第 50 行.
SQL: DESCRIBE lazy_user_openid [ RunTime:0.000709s ]
SQL: SELECT * FROM `lazy_user_openid` WHERE ( `openid` = 'ov0kp49n9tq6Lo9P5Ud-zak6KLio' ) LIMIT 1   [ RunTime:0.000238s ]
SQL: DESCRIBE lazy_user_userinfo [ RunTime:0.000425s ]
SQL: SELECT * FROM `lazy_user_userinfo` WHERE ( `md5openid` = 'ba7498da1ed9c3014ed5652c342b9cc9' ) LIMIT 1   [ RunTime:0.000172s ]
INFO: [ app_end ] --START--
INFO: Run Behavior\ShowPageTraceBehavior [ RunTime:0.000402s ]
INFO: [ app_end ] --END-- [ RunTime:0.000449s ]

[ 2019-12-01T17:39:54+08:00 ] 101.206.170.107 /lazy/index.php/home/xrunman/find_byid
INFO: [ app_init ] --START--
INFO: Run Behavior\BuildLiteBehavior [ RunTime:0.000013s ]
INFO: [ app_init ] --END-- [ RunTime:0.000260s ]
INFO: [ app_begin ] --START--
INFO: Run Behavior\ReadHtmlCacheBehavior [ RunTime:0.000371s ]
INFO: [ app_begin ] --END-- [ RunTime:0.000412s ]
SQL: DESCRIBE lazy_running_man [ RunTime:0.000846s ]
SQL: SELECT * FROM `lazy_running_man` WHERE ( `id` = 1 ) LIMIT 1   [ RunTime:0.000261s ]

[ 2019-12-01T17:39:56+08:00 ] 101.206.170.107 /lazy/index.php/home/xdingdan/getdd
INFO: [ app_init ] --START--
INFO: Run Behavior\BuildLiteBehavior [ RunTime:0.000013s ]
INFO: [ app_init ] --END-- [ RunTime:0.000326s ]
INFO: [ app_begin ] --START--
INFO: Run Behavior\ReadHtmlCacheBehavior [ RunTime:0.000358s ]
INFO: [ app_begin ] --END-- [ RunTime:0.000401s ]
SQL: DESCRIBE lazy_dingdan [ RunTime:0.000945s ]
SQL: SELECT `id`,`createtime`,`shouhuodizhi`,`paisongtime`,`paisongtime`,`quhuohao` FROM `lazy_dingdan` WHERE ( `md5openid` = 'ba7498da1ed9c3014ed5652c342b9cc9' ) AND ( `tz` = 'true' ) AND ( `paisongtime` = 0 ) AND ( `wanchengtime` = 0 ) ORDER BY id desc  [ RunTime:0.000351s ]
INFO: [ app_end ] --START--
INFO: Run Behavior\ShowPageTraceBehavior [ RunTime:0.000375s ]
INFO: [ app_end ] --END-- [ RunTime:0.000453s ]

[ 2019-12-01T17:39:56+08:00 ] 101.206.170.107 /lazy/index.php/home/xdingdan/peisongz
INFO: [ app_init ] --START--
INFO: Run Behavior\BuildLiteBehavior [ RunTime:0.000014s ]
INFO: [ app_init ] --END-- [ RunTime:0.000254s ]
INFO: [ app_begin ] --START--
INFO: Run Behavior\ReadHtmlCacheBehavior [ RunTime:0.000324s ]
INFO: [ app_begin ] --END-- [ RunTime:0.000366s ]
SQL: DESCRIBE lazy_dingdan [ RunTime:0.001303s ]
SQL: SELECT `id`,`createtime`,`shouhuodizhi`,`paisongtime`,`paisongtime`,`quhuohao` FROM `lazy_dingdan` WHERE ( `md5openid` = 'ba7498da1ed9c3014ed5652c342b9cc9' ) AND ( `tz` = 'true' ) AND ( `paisongtime` <> 0 ) AND ( `wanchengtime` = 0 ) ORDER BY id desc  [ RunTime:0.000298s ]
INFO: [ app_end ] --START--
INFO: Run Behavior\ShowPageTraceBehavior [ RunTime:0.000417s ]
INFO: [ app_end ] --END-- [ RunTime:0.000456s ]

[ 2019-12-01T17:39:57+08:00 ] 101.206.170.107 /lazy/index.php/home/xdingdan/wancdd
INFO: [ app_init ] --START--
INFO: Run Behavior\BuildLiteBehavior [ RunTime:0.000014s ]
INFO: [ app_init ] --END-- [ RunTime:0.000280s ]
INFO: [ app_begin ] --START--
INFO: Run Behavior\ReadHtmlCacheBehavior [ RunTime:0.000379s ]
INFO: [ app_begin ] --END-- [ RunTime:0.000428s ]
SQL: DESCRIBE lazy_dingdan [ RunTime:0.000988s ]
SQL: SELECT `id`,`createtime`,`shouhuodizhi`,`paisongtime`,`wanchengtime`,`quhuohao` FROM `lazy_dingdan` WHERE ( `md5openid` = 'ba7498da1ed9c3014ed5652c342b9cc9' ) AND ( `tz` = 'true' ) AND ( `paisongtime` <> 0 ) AND ( `wanchengtime` <> 0 ) ORDER BY wanchengtime desc LIMIT 0,3   [ RunTime:0.000472s ]
INFO: [ app_end ] --START--
INFO: Run Behavior\ShowPageTraceBehavior [ RunTime:0.000575s ]
INFO: [ app_end ] --END-- [ RunTime:0.000649s ]

[ 2019-12-01T17:39:58+08:00 ] 101.206.170.107 /lazy/index.php/home/xdingdan/wancdd
INFO: [ app_init ] --START--
INFO: Run Behavior\BuildLiteBehavior [ RunTime:0.000014s ]
INFO: [ app_init ] --END-- [ RunTime:0.000263s ]
INFO: [ app_begin ] --START--
INFO: Run Behavior\ReadHtmlCacheBehavior [ RunTime:0.000343s ]
INFO: [ app_begin ] --END-- [ RunTime:0.000387s ]
SQL: DESCRIBE lazy_dingdan [ RunTime:0.000982s ]
SQL: SELECT `id`,`createtime`,`shouhuodizhi`,`paisongtime`,`wanchengtime`,`quhuohao` FROM `lazy_dingdan` WHERE ( `md5openid` = 'ba7498da1ed9c3014ed5652c342b9cc9' ) AND ( `tz` = 'true' ) AND ( `paisongtime` <> 0 ) AND ( `wanchengtime` <> 0 ) ORDER BY wanchengtime desc LIMIT 0,3   [ RunTime:0.000338s ]
INFO: [ app_end ] --START--
INFO: Run Behavior\ShowPageTraceBehavior [ RunTime:0.000450s ]
INFO: [ app_end ] --END-- [ RunTime:0.000497s ]

[ 2019-12-01T17:39:59+08:00 ] 101.206.170.107 /lazy/index.php/home/xdingdan/wancdd
INFO: [ app_init ] --START--
INFO: Run Behavior\BuildLiteBehavior [ RunTime:0.000014s ]
INFO: [ app_init ] --END-- [ RunTime:0.000277s ]
INFO: [ app_begin ] --START--
INFO: Run Behavior\ReadHtmlCacheBehavior [ RunTime:0.000364s ]
INFO: [ app_begin ] --END-- [ RunTime:0.000405s ]
SQL: DESCRIBE lazy_dingdan [ RunTime:0.000701s ]
SQL: SELECT `id`,`createtime`,`shouhuodizhi`,`paisongtime`,`wanchengtime`,`quhuohao` FROM `lazy_dingdan` WHERE ( `md5openid` = 'ba7498da1ed9c3014ed5652c342b9cc9' ) AND ( `tz` = 'true' ) AND ( `paisongtime` <> 0 ) AND ( `wanchengtime` <> 0 ) ORDER BY wanchengtime desc LIMIT 0,3   [ RunTime:0.000319s ]
INFO: [ app_end ] --START--
INFO: Run Behavior\ShowPageTraceBehavior [ RunTime:0.000374s ]
INFO: [ app_end ] --END-- [ RunTime:0.000412s ]

[ 2019-12-01T17:40:01+08:00 ] 101.206.170.107 /lazy/index.php/home/xdingdan/wancdd
INFO: [ app_init ] --START--
INFO: Run Behavior\BuildLiteBehavior [ RunTime:0.000015s ]
INFO: [ app_init ] --END-- [ RunTime:0.000323s ]
INFO: [ app_begin ] --START--
INFO: Run Behavior\ReadHtmlCacheBehavior [ RunTime:0.000392s ]
INFO: [ app_begin ] --END-- [ RunTime:0.000483s ]
SQL: DESCRIBE lazy_dingdan [ RunTime:0.000747s ]
SQL: SELECT `id`,`createtime`,`shouhuodizhi`,`paisongtime`,`wanchengtime`,`quhuohao` FROM `lazy_dingdan` WHERE ( `md5openid` = 'ba7498da1ed9c3014ed5652c342b9cc9' ) AND ( `tz` = 'true' ) AND ( `paisongtime` <> 0 ) AND ( `wanchengtime` <> 0 ) ORDER BY wanchengtime desc LIMIT 0,3   [ RunTime:0.000316s ]
INFO: [ app_end ] --START--
INFO: Run Behavior\ShowPageTraceBehavior [ RunTime:0.000388s ]
INFO: [ app_end ] --END-- [ RunTime:0.000433s ]

[ 2019-12-01T17:40:07+08:00 ] 101.206.170.107 /lazy/index.php/home/xdingdan/wancdd
INFO: [ app_init ] --START--
INFO: Run Behavior\BuildLiteBehavior [ RunTime:0.000013s ]
INFO: [ app_init ] --END-- [ RunTime:0.000270s ]
INFO: [ app_begin ] --START--
INFO: Run Behavior\ReadHtmlCacheBehavior [ RunTime:0.000343s ]
INFO: [ app_begin ] --END-- [ RunTime:0.000386s ]
SQL: DESCRIBE lazy_dingdan [ RunTime:0.000716s ]
SQL: SELECT `id`,`createtime`,`shouhuodizhi`,`paisongtime`,`wanchengtime`,`quhuohao` FROM `lazy_dingdan` WHERE ( `md5openid` = 'ba7498da1ed9c3014ed5652c342b9cc9' ) AND ( `tz` = 'true' ) AND ( `paisongtime` <> 0 ) AND ( `wanchengtime` <> 0 ) ORDER BY wanchengtime desc LIMIT 0,3   [ RunTime:0.000308s ]
INFO: [ app_end ] --START--
INFO: Run Behavior\ShowPageTraceBehavior [ RunTime:0.000393s ]
INFO: [ app_end ] --END-- [ RunTime:0.000433s ]

